\BOOKMARK [1][-]{section.1}{What is a digital signal? Discrete Time vs. Continuous Time}{}% 1
\BOOKMARK [1][-]{section.2}{Kronecker Delta \(a.k.a. Delta Sequence, Unit Sample Sequence\)}{}% 2
\BOOKMARK [2][-]{subsection.2.1}{Decomposition of Discrete Signals with Shifted Deltas}{section.2}% 3
\BOOKMARK [2][-]{subsection.2.2}{Dirac Delta \(a.k.a. Unit Impulse Function\)}{section.2}% 4
\BOOKMARK [2][-]{subsection.2.3}{Decomposition of Continuous Signals with Shifted Deltas}{section.2}% 5
\BOOKMARK [2][-]{subsection.2.4}{Kronecker vs. Dirac}{section.2}% 6
\BOOKMARK [1][-]{section.3}{Properties of Discrete Signals}{}% 7
\BOOKMARK [2][-]{subsection.3.1}{Periodicity}{section.3}% 8
\BOOKMARK [2][-]{subsection.3.2}{Boundedness}{section.3}% 9
\BOOKMARK [2][-]{subsection.3.3}{Causality}{section.3}% 10
\BOOKMARK [2][-]{subsection.3.4}{Symmetry}{section.3}% 11
\BOOKMARK [1][-]{section.4}{Properties of the Delta Functions}{}% 12
\BOOKMARK [2][-]{subsection.4.1}{Sampling Property of the Kronecker Delta}{section.4}% 13
\BOOKMARK [2][-]{subsection.4.2}{Sifting Property of the Kronecker Delta}{section.4}% 14
\BOOKMARK [2][-]{subsection.4.3}{Scaling Property of the Dirac Delta}{section.4}% 15
\BOOKMARK [2][-]{subsection.4.4}{Sampling Property of the Dirac Delta}{section.4}% 16
\BOOKMARK [2][-]{subsection.4.5}{Sifting Property of the Dirac Delta}{section.4}% 17
\BOOKMARK [2][-]{subsection.4.6}{Scaling Property of the Dirac Delta}{section.4}% 18
\BOOKMARK [1][-]{section.5}{MATLAB basics}{}% 19
\BOOKMARK [2][-]{subsection.5.1}{How to create a digital signal}{section.5}% 20
\BOOKMARK [2][-]{subsection.5.2}{How to transpose a signal}{section.5}% 21
\BOOKMARK [2][-]{subsection.5.3}{MATLAB indexing}{section.5}% 22
\BOOKMARK [2][-]{subsection.5.4}{Using functions}{section.5}% 23
\BOOKMARK [2][-]{subsection.5.5}{Colon operator as a counting tool}{section.5}% 24
\BOOKMARK [2][-]{subsection.5.6}{Colon operator for indexing}{section.5}% 25
\BOOKMARK [1][-]{section.6}{MATLAB Problems}{}% 26
\BOOKMARK [2][-]{subsection.6.1}{Generate a Signal}{section.6}% 27
\BOOKMARK [2][-]{subsection.6.2}{Plot a signal}{section.6}% 28
\BOOKMARK [2][-]{subsection.6.3}{Generate a longer signal}{section.6}% 29
\BOOKMARK [2][-]{subsection.6.4}{Music Processing Basics! \(Using the sound function\)}{section.6}% 30
\BOOKMARK [2][-]{subsection.6.5}{Analyze the signal}{section.6}% 31
\BOOKMARK [1][-]{section.7}{Alternate Expressions for Sequences}{}% 32
\BOOKMARK [1][-]{section.8}{Nonlinear Systems}{}% 33
